<?xml version="1.0" encoding="UTF-8"?>
<testsuite xmlns:xsi="http://www.w3.org/2001/XMLSchema-instance" xsi:noNamespaceSchemaLocation="https://maven.apache.org/surefire/maven-surefire-plugin/xsd/surefire-test-report-3.0.xsd" version="3.0" name="pe.com.lab04.ProductoTest$StockTests" time="0.014" tests="5" errors="0" skipped="0" failures="0">
  <properties>
[...]
</properties>
  <testcase name="testExtraerStock" classname="pe.com.lab04.ProductoTest$StockTests" time="0.002"/>
  <testcase name="testAgregarStockNegativo" classname="pe.com.lab04.ProductoTest$StockTests" time="0.006"/>
  <testcase name="testAgregarStock" classname="pe.com.lab04.ProductoTest$StockTests" time="0.001"/>
  <testcase name="testExtraerStockInsuficiente" classname="pe.com.lab04.ProductoTest$StockTests" time="0.001"/>
  <testcase name="testExtraerStockNegativo" classname="pe.com.lab04.ProductoTest$StockTests" time="0.001"/>
</testsuite>